<?xml version="1.0" encoding="UTF-8"?>
<!-- Generated by org.testng.reporters.JUnitReportReporter -->
<testsuite hostname="lwo1-dmc-a01682.local" failures="0" tests="1" name="ScrollbarsPageTest" time="0.147" errors="0" timestamp="2021-10-22T14:50:32 EEST" skipped="0">
  <testcase classname="ScrollbarsPageTest" name="ScrollbarsTest" time="0.147"/>
  <system-out/>
</testsuite> <!-- ScrollbarsPageTest -->
