<?xml version="1.0" encoding="UTF-8"?>
<!-- Generated by org.testng.reporters.JUnitReportReporter -->
<testsuite hostname="lwo1-dmc-a01682.local" failures="0" tests="1" name="DynamicTablePageTest" time="0.043" errors="0" timestamp="2021-10-22T16:50:39 EEST" skipped="0">
  <testcase classname="DynamicTablePageTest" name="getValues" time="0.043"/>
  <system-out/>
</testsuite> <!-- DynamicTablePageTest -->
