<?xml version="1.0" encoding="UTF-8"?>
<!-- Generated by org.testng.reporters.JUnitReportReporter -->
<testsuite hostname="lwo1-dmc-a01682.local" failures="0" tests="1" name="ClickPageTest" time="0.505" errors="0" timestamp="2021-10-27T11:49:14 EEST" skipped="0">
  <testcase classname="ClickPageTest" name="clickButton" time="0.505"/>
  <system-out/>
</testsuite> <!-- ClickPageTest -->
