<?xml version="1.0" encoding="UTF-8"?>
<!-- Generated by org.testng.reporters.JUnitReportReporter -->
<testsuite hostname="lwo1-dmc-a01682.local" failures="0" tests="1" name="HiddenLayersPageTest" time="0.099" errors="0" timestamp="2021-10-19T12:26:55 EEST" skipped="0">
  <testcase classname="HiddenLayersPageTest" name="hiddenLayersTest" time="0.099"/>
  <system-out/>
</testsuite> <!-- HiddenLayersPageTest -->
