<?xml version="1.0" encoding="UTF-8"?>
<!-- Generated by org.testng.reporters.JUnitReportReporter -->
<testsuite hostname="lwo1-dmc-a01682.local" failures="0" tests="1" name="ClassAttributePageTest" time="0.062" errors="0" timestamp="2021-10-28T12:45:13 EEST" skipped="0">
  <testcase classname="ClassAttributePageTest" name="clickButtonAcceptAlert" time="0.062"/>
  <system-out/>
</testsuite> <!-- ClassAttributePageTest -->
