<?xml version="1.0" encoding="UTF-8"?>
<!-- Generated by org.testng.reporters.JUnitReportReporter -->
<testsuite hostname="lwo1-dmc-a01682.local" failures="0" tests="1" name="LoadDelayPageTest" time="5.518" errors="0" timestamp="2021-10-17T17:48:39 EEST" skipped="0">
  <testcase classname="LoadDelayPageTest" name="loadDelayPage" time="5.518"/>
  <system-out/>
</testsuite> <!-- LoadDelayPageTest -->
