<?xml version="1.0" encoding="UTF-8"?>
<!-- Generated by org.testng.reporters.JUnitReportReporter -->
<testsuite hostname="lwo1-dmc-a01682.local" failures="0" tests="1" name="VisibilityPageTest" time="15.465" errors="0" timestamp="2021-10-25T12:08:48 EEST" skipped="0">
  <testcase classname="VisibilityPageTest" name="VisibilityTest" time="15.465"/>
  <system-out/>
</testsuite> <!-- VisibilityPageTest -->
