<?xml version="1.0" encoding="UTF-8"?>
<!-- Generated by org.testng.reporters.JUnitReportReporter -->
<testsuite hostname="lwo1-dmc-a01682.local" failures="0" tests="1" name="VerifyTextPageTest" time="0.027" errors="0" timestamp="2021-10-22T16:50:26 EEST" skipped="0">
  <testcase classname="VerifyTextPageTest" name="verifyTextTest" time="0.027"/>
  <system-out/>
</testsuite> <!-- VerifyTextPageTest -->
