<?xml version="1.0" encoding="UTF-8"?>
<!-- Generated by org.testng.reporters.JUnitReportReporter -->
<testsuite hostname="lwo1-dmc-a01682.local" failures="0" tests="1" name="HomePageTest" time="0.025" errors="0" timestamp="2021-10-16T19:16:26 EEST" skipped="0">
  <testcase classname="HomePageTest" name="getTitleTest" time="0.025"/>
  <system-out/>
</testsuite> <!-- HomePageTest -->
