<?xml version="1.0" encoding="UTF-8"?>
<!-- Generated by org.testng.reporters.JUnitReportReporter -->
<testsuite hostname="lwo1-dmc-a01682.local" failures="0" tests="1" name="MouseOverPageTest" time="0.102" errors="0" timestamp="2021-10-27T11:33:36 EEST" skipped="0">
  <testcase classname="MouseOverPageTest" name="mouseOverTest" time="0.102"/>
  <system-out/>
</testsuite> <!-- MouseOverPageTest -->
