<?xml version="1.0" encoding="UTF-8"?>
<!-- Generated by org.testng.reporters.JUnitReportReporter -->
<testsuite hostname="lwo1-dmc-a01682.local" failures="0" tests="1" name="AJAXDataPageTest" time="15.345" errors="0" timestamp="2021-10-20T12:36:07 EEST" skipped="0">
  <testcase classname="AJAXDataPageTest" name="ajaxTest" time="15.345"/>
  <system-out/>
</testsuite> <!-- AJAXDataPageTest -->
