<?xml version="1.0" encoding="UTF-8"?>
<!-- Generated by org.testng.reporters.JUnitReportReporter -->
<testsuite hostname="lwo1-dmc-a01682.local" failures="0" tests="1" name="SampleAppPageTest" time="0.174" errors="0" timestamp="2021-10-26T17:49:36 EEST" skipped="0">
  <testcase classname="SampleAppPageTest" name="loginTest" time="0.174"/>
  <system-out/>
</testsuite> <!-- SampleAppPageTest -->
