<?xml version="1.0" encoding="UTF-8"?>
<!-- Generated by org.testng.reporters.JUnitReportReporter -->
<testsuite hostname="lwo1-dmc-a01682.local" failures="0" tests="1" name="NonBreakingSpacePageTest" time="0.046" errors="0" timestamp="2021-10-28T12:40:25 EEST" skipped="0">
  <testcase classname="NonBreakingSpacePageTest" name="nonBreakingSpaceTest" time="0.046"/>
  <system-out/>
</testsuite> <!-- NonBreakingSpacePageTest -->
