<?xml version="1.0" encoding="UTF-8"?>
<!-- Generated by org.testng.reporters.JUnitReportReporter -->
<testsuite hostname="lwo1-dmc-a01682.local" failures="0" tests="1" name="DynamicIdPageTest" time="0.041" errors="0" timestamp="2021-10-17T21:23:00 EEST" skipped="0">
  <testcase classname="DynamicIdPageTest" name="clickIdButton" time="0.041"/>
  <system-out/>
</testsuite> <!-- DynamicIdPageTest -->
