<?xml version="1.0" encoding="UTF-8"?>
<!-- Generated by org.testng.reporters.JUnitReportReporter -->
<testsuite hostname="lwo1-dmc-a01682.local" failures="0" tests="1" name="ProgressBarPageTest" time="22.469" errors="0" timestamp="2021-10-28T14:12:54 EEST" skipped="0">
  <testcase classname="ProgressBarPageTest" name="ProgressBarTest" time="22.469"/>
  <system-out/>
</testsuite> <!-- ProgressBarPageTest -->
